c:\users\utsav\documents\visual studio 2022\my_dragonfly_naiad\dragonfly_naiad\dragonfly naiad\x64\debug\vc143.pdb
c:\users\utsav\documents\visual studio 2022\my_dragonfly_naiad\dragonfly_naiad\dragonfly naiad\x64\debug\vc143.idb
c:\users\utsav\documents\visual studio 2022\my_dragonfly_naiad\dragonfly_naiad\dragonfly naiad\x64\debug\worldmanager.obj
c:\users\utsav\documents\visual studio 2022\my_dragonfly_naiad\dragonfly_naiad\dragonfly naiad\x64\debug\vector.obj
c:\users\utsav\documents\visual studio 2022\my_dragonfly_naiad\dragonfly_naiad\dragonfly naiad\x64\debug\utility.obj
c:\users\utsav\documents\visual studio 2022\my_dragonfly_naiad\dragonfly_naiad\dragonfly naiad\x64\debug\objectlistiterator.obj
c:\users\utsav\documents\visual studio 2022\my_dragonfly_naiad\dragonfly_naiad\dragonfly naiad\x64\debug\objectlist.obj
c:\users\utsav\documents\visual studio 2022\my_dragonfly_naiad\dragonfly_naiad\dragonfly naiad\x64\debug\object.obj
c:\users\utsav\documents\visual studio 2022\my_dragonfly_naiad\dragonfly_naiad\dragonfly naiad\x64\debug\manager.obj
c:\users\utsav\documents\visual studio 2022\my_dragonfly_naiad\dragonfly_naiad\dragonfly naiad\x64\debug\logmanagercpp.obj
c:\users\utsav\documents\visual studio 2022\my_dragonfly_naiad\dragonfly_naiad\dragonfly naiad\x64\debug\inputmanager.obj
c:\users\utsav\documents\visual studio 2022\my_dragonfly_naiad\dragonfly_naiad\dragonfly naiad\x64\debug\gamemanager.obj
c:\users\utsav\documents\visual studio 2022\my_dragonfly_naiad\dragonfly_naiad\dragonfly naiad\x64\debug\eventstep.obj
c:\users\utsav\documents\visual studio 2022\my_dragonfly_naiad\dragonfly_naiad\dragonfly naiad\x64\debug\eventout.obj
c:\users\utsav\documents\visual studio 2022\my_dragonfly_naiad\dragonfly_naiad\dragonfly naiad\x64\debug\eventmouse.obj
c:\users\utsav\documents\visual studio 2022\my_dragonfly_naiad\dragonfly_naiad\dragonfly naiad\x64\debug\eventkeyboard.obj
c:\users\utsav\documents\visual studio 2022\my_dragonfly_naiad\dragonfly_naiad\dragonfly naiad\x64\debug\eventcollision.obj
c:\users\utsav\documents\visual studio 2022\my_dragonfly_naiad\dragonfly_naiad\dragonfly naiad\x64\debug\event.obj
c:\users\utsav\documents\visual studio 2022\my_dragonfly_naiad\dragonfly_naiad\dragonfly naiad\x64\debug\displaymanager.obj
c:\users\utsav\documents\visual studio 2022\my_dragonfly_naiad\dragonfly_naiad\dragonfly naiad\x64\debug\clock.obj
c:\users\utsav\documents\visual studio 2022\my_dragonfly_naiad\dragonfly_naiad\dragonfly naiad\x64\debug\dragonfly egg.tlog\cl.command.1.tlog
c:\users\utsav\documents\visual studio 2022\my_dragonfly_naiad\dragonfly_naiad\dragonfly naiad\x64\debug\dragonfly egg.tlog\cl.read.1.tlog
c:\users\utsav\documents\visual studio 2022\my_dragonfly_naiad\dragonfly_naiad\dragonfly naiad\x64\debug\dragonfly egg.tlog\cl.write.1.tlog
